This file contains any messages produced by compilers while
running configure, to aid debugging if configure makes a mistake.

It was created by cppad configure 20180226, which was
generated by GNU Autoconf 2.69.  Invocation command line was

  $ ./configure 

## --------- ##
## Platform. ##
## --------- ##

hostname = yinjian
uname -m = x86_64
uname -r = 4.4.0-31-generic
uname -s = Linux
uname -v = #50~14.04.1-Ubuntu SMP Wed Jul 13 01:07:32 UTC 2016

/usr/bin/uname -p = unknown
/bin/uname -X     = unknown

/bin/arch              = unknown
/usr/bin/arch -k       = unknown
/usr/convex/getsysinfo = unknown
/usr/bin/hostinfo      = unknown
/bin/machine           = unknown
/usr/bin/oslevel       = unknown
/bin/universe          = unknown

PATH: /opt/ros/jade/bin
PATH: /usr/local/sbin
PATH: /usr/local/bin
PATH: /usr/sbin
PATH: /usr/bin
PATH: /sbin
PATH: /bin
PATH: /usr/games
PATH: /usr/local/games


## ----------- ##
## Core tests. ##
## ----------- ##

configure:2313: checking whether make supports nested variables
configure:2330: result: yes
configure:2343: checking whether to enable maintainer-specific portions of Makefiles
configure:2352: result: no
configure:2413: checking for a BSD-compatible install
configure:2481: result: /usr/bin/install -c
configure:2492: checking whether build environment is sane
configure:2547: result: yes
configure:2698: checking for a thread-safe mkdir -p
configure:2737: result: /bin/mkdir -p
configure:2744: checking for gawk
configure:2774: result: no
configure:2744: checking for mawk
configure:2760: found /usr/bin/mawk
configure:2771: result: mawk
configure:2782: checking whether make sets $(MAKE)
configure:2804: result: yes
configure:2952: checking for style of include used by make
configure:2980: result: GNU
configure:3051: checking for gcc
configure:3067: found /usr/bin/gcc
configure:3078: result: gcc
configure:3307: checking for C compiler version
configure:3316: gcc --version >&5
gcc (Ubuntu 4.8.4-2ubuntu1~14.04.4) 4.8.4
Copyright (C) 2013 Free Software Foundation, Inc.
This is free software; see the source for copying conditions.  There is NO
warranty; not even for MERCHANTABILITY or FITNESS FOR A PARTICULAR PURPOSE.

configure:3327: $? = 0
configure:3316: gcc -v >&5
Using built-in specs.
COLLECT_GCC=gcc
COLLECT_LTO_WRAPPER=/usr/lib/gcc/x86_64-linux-gnu/4.8/lto-wrapper
Target: x86_64-linux-gnu
Configured with: ../src/configure -v --with-pkgversion='Ubuntu 4.8.4-2ubuntu1~14.04.4' --with-bugurl=file:///usr/share/doc/gcc-4.8/README.Bugs --enable-languages=c,c++,java,go,d,fortran,objc,obj-c++ --prefix=/usr --program-suffix=-4.8 --enable-shared --enable-linker-build-id --libexecdir=/usr/lib --without-included-gettext --enable-threads=posix --with-gxx-include-dir=/usr/include/c++/4.8 --libdir=/usr/lib --enable-nls --with-sysroot=/ --enable-clocale=gnu --enable-libstdcxx-debug --enable-libstdcxx-time=yes --enable-gnu-unique-object --disable-libmudflap --enable-plugin --with-system-zlib --disable-browser-plugin --enable-java-awt=gtk --enable-gtk-cairo --with-java-home=/usr/lib/jvm/java-1.5.0-gcj-4.8-amd64/jre --enable-java-home --with-jvm-root-dir=/usr/lib/jvm/java-1.5.0-gcj-4.8-amd64 --with-jvm-jar-dir=/usr/lib/jvm-exports/java-1.5.0-gcj-4.8-amd64 --with-arch-directory=amd64 --with-ecj-jar=/usr/share/java/eclipse-ecj.jar --enable-objc-gc --enable-multiarch --disable-werror --with-arch-32=i686 --with-abi=m64 --with-multilib-list=m32,m64,mx32 --with-tune=generic --enable-checking=release --build=x86_64-linux-gnu --host=x86_64-linux-gnu --target=x86_64-linux-gnu
Thread model: posix
gcc version 4.8.4 (Ubuntu 4.8.4-2ubuntu1~14.04.4) 
configure:3327: $? = 0
configure:3316: gcc -V >&5
gcc: error: unrecognized command line option '-V'
gcc: fatal error: no input files
compilation terminated.
configure:3327: $? = 4
configure:3316: gcc -qversion >&5
gcc: error: unrecognized command line option '-qversion'
gcc: fatal error: no input files
compilation terminated.
configure:3327: $? = 4
configure:3347: checking whether the C compiler works
configure:3369: gcc    conftest.c  >&5
configure:3373: $? = 0
configure:3421: result: yes
configure:3424: checking for C compiler default output file name
configure:3426: result: a.out
configure:3432: checking for suffix of executables
configure:3439: gcc -o conftest    conftest.c  >&5
configure:3443: $? = 0
configure:3465: result: 
configure:3487: checking whether we are cross compiling
configure:3495: gcc -o conftest    conftest.c  >&5
configure:3499: $? = 0
configure:3506: ./conftest
configure:3510: $? = 0
configure:3525: result: no
configure:3530: checking for suffix of object files
configure:3552: gcc -c   conftest.c >&5
configure:3556: $? = 0
configure:3577: result: o
configure:3581: checking whether we are using the GNU C compiler
configure:3600: gcc -c   conftest.c >&5
configure:3600: $? = 0
configure:3609: result: yes
configure:3618: checking whether gcc accepts -g
configure:3638: gcc -c -g  conftest.c >&5
configure:3638: $? = 0
configure:3679: result: yes
configure:3696: checking for gcc option to accept ISO C89
configure:3759: gcc  -c -g -O2  conftest.c >&5
configure:3759: $? = 0
configure:3772: result: none needed
configure:3797: checking whether gcc understands -c and -o together
configure:3819: gcc -c conftest.c -o conftest2.o
configure:3822: $? = 0
configure:3819: gcc -c conftest.c -o conftest2.o
configure:3822: $? = 0
configure:3834: result: yes
configure:3853: checking dependency style of gcc
configure:3964: result: gcc3
configure:4029: checking for ar
configure:4045: found /usr/bin/ar
configure:4056: result: ar
configure:4082: checking the archiver (ar) interface
configure:4098: gcc -c -g -O2  conftest.c >&5
configure:4098: $? = 0
configure:4100: ar cru libconftest.a conftest.o >&5
configure:4103: $? = 0
configure:4131: result: ar
configure:4151: have_ar = yes
configure:4154: *** Check command line arguments that are longer used ****
configure:4289: ******  Check command line arguments that are used ***********
configure:4292: checking --enable-msvc
configure:4302: result: no
configure:4306: checking --prefix
configure:4309: result: /home/idriver
configure:4316: checking --with-Documentation
configure:4335: result: no
configure:4338: checking --with-stdvector
configure:4356: result: no
configure:4359: checking --with-boostvector
configure:4370: result: no
configure:4383: checking --with-eigenvector
configure:4394: result: no
configure:4410: checking POSTFIX_DIR
configure:4425: result: no
configure:4429: checking ADOLC_DIR
configure:4449: result: no
configure:4455: checking EIGEN_DIR
configure:4474: result: no
configure:4481: checking FADBAD_DIR
configure:4501: result: no
configure:4507: checking SACADO_DIR
configure:4521: result: no
configure:4527: checking IPOPT_DIR
configure:4547: result: no
configure:4553: checking BOOST_DIR
configure:4572: result: no
configure:4580: checking CXX_FLAGS
configure:4590: result: no
configure:4600: checking OPENMP_FLAGS
configure:4607: result: no
configure:4619: checking MAX_NUM_THREADS
configure:4632: result: no, using default value 48
configure:4638: checking TAPE_ADDR_TYPE
configure:4648: result: unsigned int
configure:4672: checking TAPE_ID_TYPE
configure:4682: result: unsigned int
configure:4705: ********** End Checking Command Line arguments ***************
configure:4777: checking for g++
configure:4793: found /usr/bin/g++
configure:4804: result: g++
configure:4831: checking for C++ compiler version
configure:4840: g++ --version >&5
g++ (Ubuntu 4.8.4-2ubuntu1~14.04.4) 4.8.4
Copyright (C) 2013 Free Software Foundation, Inc.
This is free software; see the source for copying conditions.  There is NO
warranty; not even for MERCHANTABILITY or FITNESS FOR A PARTICULAR PURPOSE.

configure:4851: $? = 0
configure:4840: g++ -v >&5
Using built-in specs.
COLLECT_GCC=g++
COLLECT_LTO_WRAPPER=/usr/lib/gcc/x86_64-linux-gnu/4.8/lto-wrapper
Target: x86_64-linux-gnu
Configured with: ../src/configure -v --with-pkgversion='Ubuntu 4.8.4-2ubuntu1~14.04.4' --with-bugurl=file:///usr/share/doc/gcc-4.8/README.Bugs --enable-languages=c,c++,java,go,d,fortran,objc,obj-c++ --prefix=/usr --program-suffix=-4.8 --enable-shared --enable-linker-build-id --libexecdir=/usr/lib --without-included-gettext --enable-threads=posix --with-gxx-include-dir=/usr/include/c++/4.8 --libdir=/usr/lib --enable-nls --with-sysroot=/ --enable-clocale=gnu --enable-libstdcxx-debug --enable-libstdcxx-time=yes --enable-gnu-unique-object --disable-libmudflap --enable-plugin --with-system-zlib --disable-browser-plugin --enable-java-awt=gtk --enable-gtk-cairo --with-java-home=/usr/lib/jvm/java-1.5.0-gcj-4.8-amd64/jre --enable-java-home --with-jvm-root-dir=/usr/lib/jvm/java-1.5.0-gcj-4.8-amd64 --with-jvm-jar-dir=/usr/lib/jvm-exports/java-1.5.0-gcj-4.8-amd64 --with-arch-directory=amd64 --with-ecj-jar=/usr/share/java/eclipse-ecj.jar --enable-objc-gc --enable-multiarch --disable-werror --with-arch-32=i686 --with-abi=m64 --with-multilib-list=m32,m64,mx32 --with-tune=generic --enable-checking=release --build=x86_64-linux-gnu --host=x86_64-linux-gnu --target=x86_64-linux-gnu
Thread model: posix
gcc version 4.8.4 (Ubuntu 4.8.4-2ubuntu1~14.04.4) 
configure:4851: $? = 0
configure:4840: g++ -V >&5
g++: error: unrecognized command line option '-V'
g++: fatal error: no input files
compilation terminated.
configure:4851: $? = 4
configure:4840: g++ -qversion >&5
g++: error: unrecognized command line option '-qversion'
g++: fatal error: no input files
compilation terminated.
configure:4851: $? = 4
configure:4855: checking whether we are using the GNU C++ compiler
configure:4874: g++ -c   conftest.cpp >&5
configure:4874: $? = 0
configure:4883: result: yes
configure:4892: checking whether g++ accepts -g
configure:4912: g++ -c -g  conftest.cpp >&5
configure:4912: $? = 0
configure:4953: result: yes
configure:4978: checking dependency style of g++
configure:5089: result: gcc3
configure:5219: checking for C compiler version
configure:5228: gcc --version >&5
gcc (Ubuntu 4.8.4-2ubuntu1~14.04.4) 4.8.4
Copyright (C) 2013 Free Software Foundation, Inc.
This is free software; see the source for copying conditions.  There is NO
warranty; not even for MERCHANTABILITY or FITNESS FOR A PARTICULAR PURPOSE.

configure:5239: $? = 0
configure:5228: gcc -v >&5
Using built-in specs.
COLLECT_GCC=gcc
COLLECT_LTO_WRAPPER=/usr/lib/gcc/x86_64-linux-gnu/4.8/lto-wrapper
Target: x86_64-linux-gnu
Configured with: ../src/configure -v --with-pkgversion='Ubuntu 4.8.4-2ubuntu1~14.04.4' --with-bugurl=file:///usr/share/doc/gcc-4.8/README.Bugs --enable-languages=c,c++,java,go,d,fortran,objc,obj-c++ --prefix=/usr --program-suffix=-4.8 --enable-shared --enable-linker-build-id --libexecdir=/usr/lib --without-included-gettext --enable-threads=posix --with-gxx-include-dir=/usr/include/c++/4.8 --libdir=/usr/lib --enable-nls --with-sysroot=/ --enable-clocale=gnu --enable-libstdcxx-debug --enable-libstdcxx-time=yes --enable-gnu-unique-object --disable-libmudflap --enable-plugin --with-system-zlib --disable-browser-plugin --enable-java-awt=gtk --enable-gtk-cairo --with-java-home=/usr/lib/jvm/java-1.5.0-gcj-4.8-amd64/jre --enable-java-home --with-jvm-root-dir=/usr/lib/jvm/java-1.5.0-gcj-4.8-amd64 --with-jvm-jar-dir=/usr/lib/jvm-exports/java-1.5.0-gcj-4.8-amd64 --with-arch-directory=amd64 --with-ecj-jar=/usr/share/java/eclipse-ecj.jar --enable-objc-gc --enable-multiarch --disable-werror --with-arch-32=i686 --with-abi=m64 --with-multilib-list=m32,m64,mx32 --with-tune=generic --enable-checking=release --build=x86_64-linux-gnu --host=x86_64-linux-gnu --target=x86_64-linux-gnu
Thread model: posix
gcc version 4.8.4 (Ubuntu 4.8.4-2ubuntu1~14.04.4) 
configure:5239: $? = 0
configure:5228: gcc -V >&5
gcc: error: unrecognized command line option '-V'
gcc: fatal error: no input files
compilation terminated.
configure:5239: $? = 4
configure:5228: gcc -qversion >&5
gcc: error: unrecognized command line option '-qversion'
gcc: fatal error: no input files
compilation terminated.
configure:5239: $? = 4
configure:5243: checking whether we are using the GNU C compiler
configure:5271: result: yes
configure:5280: checking whether gcc accepts -g
configure:5341: result: yes
configure:5358: checking for gcc option to accept ISO C89
configure:5434: result: none needed
configure:5459: checking whether gcc understands -c and -o together
configure:5496: result: yes
configure:5515: checking dependency style of gcc
configure:5626: result: gcc3
configure:5697: checking for gfortran
configure:5727: result: no
configure:5697: checking for ifort
configure:5727: result: no
configure:5697: checking for g95
configure:5727: result: no
configure:5697: checking for fort77
configure:5727: result: no
configure:5697: checking for f77
configure:5727: result: no
configure:5697: checking for g77
configure:5727: result: no
configure:5697: checking for pgf90
configure:5727: result: no
configure:5697: checking for pgf77
configure:5727: result: no
configure:5697: checking for ifc
configure:5727: result: no
configure:5697: checking for frt
configure:5727: result: no
configure:5697: checking for af77
configure:5727: result: no
configure:5750: checking for Fortran compiler version
configure:5759:  --version >&5
./configure: line 5761: --version: command not found
configure:5770: $? = 127
configure:5759:  -v >&5
./configure: line 5761: -v: command not found
configure:5770: $? = 127
configure:5759:  -V >&5
./configure: line 5761: -V: command not found
configure:5770: $? = 127
configure:5759:  -qversion >&5
./configure: line 5761: -qversion: command not found
configure:5770: $? = 127
configure:5779: checking whether we are using the GNU Fortran compiler
configure:5792:  -c   conftest.F >&5
./configure: line 1685: -c: command not found
configure:5792: $? = 127
configure: failed program was:
|       program main
| #ifndef __GNUC__
|        choke me
| #endif
| 
|       end
configure:5801: result: no
configure:5807: checking whether  accepts -g
configure:5818:  -c -g  conftest.f >&5
./configure: line 1685: -c: command not found
configure:5818: $? = 127
configure: failed program was:
|       program main
| 
|       end
configure:5826: result: no
configure:5858: checking for pkg-config
configure:5874: found /usr/bin/pkg-config
configure:5886: result: yes
configure:5952: checking for gettimeofday
configure:5952: gcc -o conftest    conftest.c  >&5
configure:5952: $? = 0
configure:5952: result: yes
configure:6012: checking for ranlib
configure:6028: found /usr/bin/ranlib
configure:6039: result: ranlib
configure:6062: checking whether using Microsoft C++ compiler
configure:6076: result: no
configure:6089: checking how to run the C preprocessor
configure:6120: gcc -E  conftest.c
configure:6120: $? = 0
configure:6134: gcc -E  conftest.c
conftest.c:11:28: fatal error: ac_nonexistent.h: No such file or directory
 #include <ac_nonexistent.h>
                            ^
compilation terminated.
configure:6134: $? = 1
configure: failed program was:
| /* confdefs.h */
| #define PACKAGE_NAME "cppad"
| #define PACKAGE_TARNAME "cppad"
| #define PACKAGE_VERSION "20180226"
| #define PACKAGE_STRING "cppad 20180226"
| #define PACKAGE_BUGREPORT "cppad@list.coin-or.org"
| #define PACKAGE_URL ""
| #define PACKAGE "cppad"
| #define VERSION "20180226"
| /* end confdefs.h.  */
| #include <ac_nonexistent.h>
configure:6159: result: gcc -E
configure:6179: gcc -E  conftest.c
configure:6179: $? = 0
configure:6193: gcc -E  conftest.c
conftest.c:11:28: fatal error: ac_nonexistent.h: No such file or directory
 #include <ac_nonexistent.h>
                            ^
compilation terminated.
configure:6193: $? = 1
configure: failed program was:
| /* confdefs.h */
| #define PACKAGE_NAME "cppad"
| #define PACKAGE_TARNAME "cppad"
| #define PACKAGE_VERSION "20180226"
| #define PACKAGE_STRING "cppad 20180226"
| #define PACKAGE_BUGREPORT "cppad@list.coin-or.org"
| #define PACKAGE_URL ""
| #define PACKAGE "cppad"
| #define VERSION "20180226"
| /* end confdefs.h.  */
| #include <ac_nonexistent.h>
configure:6222: checking for inline
configure:6238: gcc -c   conftest.c >&5
configure:6238: $? = 0
configure:6246: result: inline
configure:6269: checking build system type
configure:6283: result: x86_64-pc-linux-gnu
configure:6303: checking host system type
configure:6316: result: x86_64-pc-linux-gnu
configure:6341: checking how to get verbose linking output from 
configure:6351:  -c   conftest.f >&5
./configure: line 1685: -c: command not found
configure:6351: $? = 127
configure: failed program was:
|       program main
| 
|       end
configure:6446: WARNING: compilation failed
configure:6452: result: 
configure:6454: checking for Fortran libraries of 
configure:6477: -o conftest conftest.f
./configure: line 6482: -o: command not found
configure:6673: result: 
configure:6692: checking for pthread_barrier_wait in -lpthread
configure:6717: gcc -o conftest    conftest.c -lpthread   >&5
configure:6717: $? = 0
configure:6726: result: yes
configure:6753: checking for dlopen in -ldl
configure:6778: gcc -o conftest    conftest.c -ldl   >&5
configure:6778: $? = 0
configure:6787: result: yes
configure:6824: g++ -o conftest    -lboost_thread-mt conftest.cpp  >&5
/usr/bin/ld: cannot find -lboost_thread-mt
collect2: error: ld returned 1 exit status
configure:6824: $? = 1
configure: failed program was:
| /* confdefs.h */
| #define PACKAGE_NAME "cppad"
| #define PACKAGE_TARNAME "cppad"
| #define PACKAGE_VERSION "20180226"
| #define PACKAGE_STRING "cppad 20180226"
| #define PACKAGE_BUGREPORT "cppad@list.coin-or.org"
| #define PACKAGE_URL ""
| #define PACKAGE "cppad"
| #define VERSION "20180226"
| /* end confdefs.h.  */
| # include <boost/thread.hpp>
| int
| main ()
| {
| boost::barrier wait(1);
| 
|   ;
|   return 0;
| }
configure:6896: g++ -o conftest    -lboost_thread conftest.cpp  >&5
/tmp/ccRTP8RJ.o: In function `__static_initialization_and_destruction_0(int, int)':
conftest.cpp:(.text+0xa7): undefined reference to `boost::system::generic_category()'
conftest.cpp:(.text+0xb3): undefined reference to `boost::system::generic_category()'
conftest.cpp:(.text+0xbf): undefined reference to `boost::system::system_category()'
/tmp/ccRTP8RJ.o: In function `boost::thread_exception::thread_exception(int, char const*)':
conftest.cpp:(.text._ZN5boost16thread_exceptionC2EiPKc[_ZN5boost16thread_exceptionC5EiPKc]+0x14): undefined reference to `boost::system::system_category()'
collect2: error: ld returned 1 exit status
configure:6896: $? = 1
configure: failed program was:
| /* confdefs.h */
| #define PACKAGE_NAME "cppad"
| #define PACKAGE_TARNAME "cppad"
| #define PACKAGE_VERSION "20180226"
| #define PACKAGE_STRING "cppad 20180226"
| #define PACKAGE_BUGREPORT "cppad@list.coin-or.org"
| #define PACKAGE_URL ""
| #define PACKAGE "cppad"
| #define VERSION "20180226"
| /* end confdefs.h.  */
| # include <boost/thread.hpp>
| int
| main ()
| {
| boost::barrier wait(1);
| 
|   ;
|   return 0;
| }
configure:6969: result: boost::thread library... no
configure:7005: checking for ddot in -lblas
configure:7017:  -o conftest    conftest.f -lblas   >&5
./configure: line 1919: -o: command not found
configure:7017: $? = 127
configure: failed program was:
|       program main
|       call ddot
|       end
configure:7026: result: no
configure:7032: checking for dgesv in -llapack
configure:7044:  -o conftest    conftest.f -llapack   >&5
./configure: line 1919: -o: command not found
configure:7044: $? = 127
configure: failed program was:
|       program main
|       call dgesv
|       end
configure:7053: result: no
configure:7133: result: cppad_ipopt_nlp libraries: -L /lib -lipopt
configure:7338: checking that generated files are newer than configure
configure:7344: result: done
configure:7435: creating ./config.status

## ---------------------- ##
## Running config.status. ##
## ---------------------- ##

This file was extended by cppad config.status 20180226, which was
generated by GNU Autoconf 2.69.  Invocation command line was

  CONFIG_FILES    = 
  CONFIG_HEADERS  = 
  CONFIG_LINKS    = 
  CONFIG_COMMANDS = 
  $ ./config.status 

on yinjian

config.status:929: creating cppad/configure.hpp
config.status:929: creating cppad/local/is_pod.hpp
config.status:929: creating cppad_ipopt/example/test.sh
config.status:929: creating cppad_ipopt/speed/test.sh
config.status:929: creating cppad_ipopt/test/test.sh
config.status:929: creating example/ipopt_solve/test.sh
config.status:929: creating pkgconfig/cppad.pc
config.status:929: creating pkgconfig/cppad-uninstalled.pc
config.status:929: creating makefile
config.status:929: creating cppad_ipopt/src/makefile
config.status:929: creating cppad_ipopt/example/makefile
config.status:929: creating cppad_ipopt/speed/makefile
config.status:929: creating cppad_ipopt/test/makefile
config.status:929: creating example/general/makefile
config.status:929: creating example/abs_normal/makefile
config.status:929: creating example/atomic/makefile
config.status:929: creating example/deprecated/makefile
config.status:929: creating example/ipopt_solve/makefile
config.status:929: creating example/optimize/makefile
config.status:929: creating example/sparse/makefile
config.status:929: creating example/utility/makefile
config.status:929: creating example/get_started/makefile
config.status:929: creating introduction/makefile
config.status:929: creating example/multi_thread/makefile
config.status:929: creating example/print_for/makefile
config.status:929: creating speed/adolc/makefile
config.status:929: creating speed/cppad/makefile
config.status:929: creating speed/double/makefile
config.status:929: creating speed/example/makefile
config.status:929: creating speed/fadbad/makefile
config.status:929: creating speed/profile/makefile
config.status:929: creating speed/profile/gprof.sed
config.status:929: creating speed/sacado/makefile
config.status:929: creating speed/src/makefile
config.status:929: creating test_more/compare_c/makefile
config.status:929: creating test_more/general/makefile
config.status:1101: executing depfiles commands
config.status:1101: executing example_ipopt_solve_test.sh commands
config.status:1101: executing cppad_ipopt_example_test.sh commands
config.status:1101: executing cppad_ipopt_speed_test.sh commands
config.status:1101: executing cppad_ipopt_test_test.sh commands

## ---------------- ##
## Cache variables. ##
## ---------------- ##

ac_cv_build=x86_64-pc-linux-gnu
ac_cv_c_compiler_gnu=yes
ac_cv_c_inline=inline
ac_cv_cxx_compiler_gnu=yes
ac_cv_env_ADOLC_DIR_set=
ac_cv_env_ADOLC_DIR_value=
ac_cv_env_BOOST_DIR_set=
ac_cv_env_BOOST_DIR_value=
ac_cv_env_CCC_set=
ac_cv_env_CCC_value=
ac_cv_env_CC_set=
ac_cv_env_CC_value=
ac_cv_env_CFLAGS_set=
ac_cv_env_CFLAGS_value=
ac_cv_env_CPPFLAGS_set=
ac_cv_env_CPPFLAGS_value=
ac_cv_env_CPP_set=
ac_cv_env_CPP_value=
ac_cv_env_CXXFLAGS_set=
ac_cv_env_CXXFLAGS_value=
ac_cv_env_CXX_FLAGS_set=
ac_cv_env_CXX_FLAGS_value=
ac_cv_env_CXX_set=
ac_cv_env_CXX_value=
ac_cv_env_EIGEN_DIR_set=
ac_cv_env_EIGEN_DIR_value=
ac_cv_env_FADBAD_DIR_set=
ac_cv_env_FADBAD_DIR_value=
ac_cv_env_FCFLAGS_set=
ac_cv_env_FCFLAGS_value=
ac_cv_env_FC_set=
ac_cv_env_FC_value=
ac_cv_env_IPOPT_DIR_set=
ac_cv_env_IPOPT_DIR_value=
ac_cv_env_LDFLAGS_set=
ac_cv_env_LDFLAGS_value=
ac_cv_env_LIBS_set=
ac_cv_env_LIBS_value=
ac_cv_env_MAX_NUM_THREADS_set=
ac_cv_env_MAX_NUM_THREADS_value=
ac_cv_env_OPENMP_FLAGS_set=
ac_cv_env_OPENMP_FLAGS_value=
ac_cv_env_POSTFIX_DIR_set=
ac_cv_env_POSTFIX_DIR_value=
ac_cv_env_SACADO_DIR_set=
ac_cv_env_SACADO_DIR_value=
ac_cv_env_TAPE_ADDR_TYPE_set=
ac_cv_env_TAPE_ADDR_TYPE_value=
ac_cv_env_TAPE_ID_TYPE_set=
ac_cv_env_TAPE_ID_TYPE_value=
ac_cv_env_build_alias_set=
ac_cv_env_build_alias_value=
ac_cv_env_host_alias_set=
ac_cv_env_host_alias_value=
ac_cv_env_target_alias_set=
ac_cv_env_target_alias_value=
ac_cv_fc_compiler_gnu=no
ac_cv_fc_libs=
ac_cv_func_gettimeofday=yes
ac_cv_host=x86_64-pc-linux-gnu
ac_cv_lib_blas_ddot=no
ac_cv_lib_dl_dlopen=yes
ac_cv_lib_lapack_dgesv=no
ac_cv_lib_pthread_pthread_barrier_wait=yes
ac_cv_objext=o
ac_cv_path_install='/usr/bin/install -c'
ac_cv_path_mkdir=/bin/mkdir
ac_cv_prog_AWK=mawk
ac_cv_prog_CPP='gcc -E'
ac_cv_prog_ac_ct_AR=ar
ac_cv_prog_ac_ct_CC=gcc
ac_cv_prog_ac_ct_CXX=g++
ac_cv_prog_ac_ct_RANLIB=ranlib
ac_cv_prog_cc_c89=
ac_cv_prog_cc_g=yes
ac_cv_prog_cxx_g=yes
ac_cv_prog_fc_g=no
ac_cv_prog_have_pkg_config=yes
ac_cv_prog_make_make_set=yes
am_cv_CC_dependencies_compiler_type=gcc3
am_cv_CXX_dependencies_compiler_type=gcc3
am_cv_ar_interface=ar
am_cv_make_support_nested_variables=yes
am_cv_prog_cc_c_o=yes

## ----------------- ##
## Output variables. ##
## ----------------- ##

ABS_TOP_BUILDDIR='/home/idriver/sehs/src/kernel/ivplanning/ivpathplanner/src/avoidObsModel/cbp/cppad.git'
ABS_TOP_SRCDIR='/home/idriver/sehs/src/kernel/ivplanning/ivpathplanner/src/avoidObsModel/cbp/cppad.git'
ACLOCAL='${SHELL} /home/idriver/sehs/src/kernel/ivplanning/ivpathplanner/src/avoidObsModel/cbp/cppad.git/missing aclocal-1.15'
ADOLC_DIR=''
AMDEPBACKSLASH='\'
AMDEP_FALSE='#'
AMDEP_TRUE=''
AMTAR='$${TAR-tar}'
AM_BACKSLASH='\'
AM_DEFAULT_V='$(AM_DEFAULT_VERBOSITY)'
AM_DEFAULT_VERBOSITY='0'
AM_V='$(V)'
AR='ar'
AUTOCONF='${SHELL} /home/idriver/sehs/src/kernel/ivplanning/ivpathplanner/src/avoidObsModel/cbp/cppad.git/missing autoconf'
AUTOHEADER='${SHELL} /home/idriver/sehs/src/kernel/ivplanning/ivpathplanner/src/avoidObsModel/cbp/cppad.git/missing autoheader'
AUTOMAKE='${SHELL} /home/idriver/sehs/src/kernel/ivplanning/ivpathplanner/src/avoidObsModel/cbp/cppad.git/missing automake-1.15'
AWK='mawk'
BOOST_DIR=''
BOOST_INCLUDE=''
BTHREAD_LIB=''
CC='gcc'
CCDEPMODE='depmode=gcc3'
CFLAGS=''
CPP='gcc -E'
CPPAD_IPOPT_LD_PATH='/lib'
CPPAD_IPOPT_LIBS='-L /lib -lipopt'
CPPFLAGS=''
CXX='g++'
CXXDEPMODE='depmode=gcc3'
CXXFLAGS=''
CXX_FLAGS=''
CXX_FLAGS_EIGEN=''
CXX_FLAGS_FADBAD=''
CYGPATH_W='echo'
CppAD_ADOLC_FALSE=''
CppAD_ADOLC_TRUE='#'
CppAD_BOOST_DIR_FALSE=''
CppAD_BOOST_DIR_TRUE='#'
CppAD_BTHREAD_FALSE=''
CppAD_BTHREAD_TRUE='#'
CppAD_DEPRECATED_FALSE=''
CppAD_DEPRECATED_TRUE='#'
CppAD_DOCUMENTATION_FALSE=''
CppAD_DOCUMENTATION_TRUE='#'
CppAD_EIGEN_DIR_FALSE=''
CppAD_EIGEN_DIR_TRUE='#'
CppAD_FADBAD_FALSE=''
CppAD_FADBAD_TRUE='#'
CppAD_HAVE_AR_FALSE='#'
CppAD_HAVE_AR_TRUE=''
CppAD_IPOPT_FALSE=''
CppAD_IPOPT_TRUE='#'
CppAD_MS_COMPILER_FALSE=''
CppAD_MS_COMPILER_TRUE='#'
CppAD_OPENMP_FALSE=''
CppAD_OPENMP_TRUE='#'
CppAD_PKG_CONFIG_FALSE='#'
CppAD_PKG_CONFIG_TRUE=''
CppAD_POSTFIX_FALSE=''
CppAD_POSTFIX_TRUE='#'
CppAD_PTHREAD_FALSE='#'
CppAD_PTHREAD_TRUE=''
CppAD_SACADO_FALSE=''
CppAD_SACADO_TRUE='#'
DEFS='-DPACKAGE_NAME=\"cppad\" -DPACKAGE_TARNAME=\"cppad\" -DPACKAGE_VERSION=\"20180226\" -DPACKAGE_STRING=\"cppad\ 20180226\" -DPACKAGE_BUGREPORT=\"cppad@list.coin-or.org\" -DPACKAGE_URL=\"\" -DPACKAGE=\"cppad\" -DVERSION=\"20180226\"'
DEPDIR='.deps'
DL_LIB='-ldl'
ECHO_C=''
ECHO_N='-n'
ECHO_T=''
EIGEN_DIR=''
EIGEN_INCLUDE=''
EXEEXT=''
FADBAD_DIR=''
FC=''
FCFLAGS=''
FCLIBS=''
INSTALL_DATA='${INSTALL} -m 644'
INSTALL_PROGRAM='${INSTALL}'
INSTALL_SCRIPT='${INSTALL}'
INSTALL_STRIP_PROGRAM='$(install_sh) -c -s'
IPOPT_DIR=''
LDFLAGS=''
LIBOBJS=''
LIBS=''
LTLIBOBJS=''
MAINT='#'
MAINTAINER_MODE_FALSE=''
MAINTAINER_MODE_TRUE='#'
MAKEINFO='${SHELL} /home/idriver/sehs/src/kernel/ivplanning/ivpathplanner/src/avoidObsModel/cbp/cppad.git/missing makeinfo'
MAX_NUM_THREADS=''
MKDIR_P='/bin/mkdir -p'
OBJEXT='o'
OPENMP_FLAGS=''
PACKAGE='cppad'
PACKAGE_BUGREPORT='cppad@list.coin-or.org'
PACKAGE_NAME='cppad'
PACKAGE_STRING='cppad 20180226'
PACKAGE_TARNAME='cppad'
PACKAGE_URL=''
PACKAGE_VERSION='20180226'
PATH_SEPARATOR=':'
POSTFIX_DIR=''
PTHREAD_LIB='-lpthread'
RANLIB='ranlib'
SACADO_DIR=''
SET_MAKE=''
SHELL='/bin/bash'
STRIP=''
TAPE_ADDR_TYPE=''
TAPE_ID_TYPE=''
VERSION='20180226'
ac_ct_AR='ar'
ac_ct_CC='gcc'
ac_ct_CXX='g++'
ac_ct_FC=''
adolc_prefix=''
am__EXEEXT_FALSE=''
am__EXEEXT_TRUE='#'
am__fastdepCC_FALSE='#'
am__fastdepCC_TRUE=''
am__fastdepCXX_FALSE='#'
am__fastdepCXX_TRUE=''
am__include='include'
am__isrc=''
am__leading_dot='.'
am__nodep='_no'
am__quote=''
am__tar='$${TAR-tar} chof - "$$tardir"'
am__untar='$${TAR-tar} xf -'
bindir='${exec_prefix}/bin'
build='x86_64-pc-linux-gnu'
build_alias=''
build_cpu='x86_64'
build_os='linux-gnu'
build_vendor='pc'
cppad_SOURCE_DIR='/home/idriver/sehs/src/kernel/ivplanning/ivpathplanner/src/avoidObsModel/cbp/cppad.git'
cppad_abs_includedir='${prefix}/include'
cppad_boostvector='0'
cppad_compiler_is_gnucxx='0'
cppad_cplusplus_201100_ok='0'
cppad_cppadvector='1'
cppad_cxx_flags='-g -O0'
cppad_deprecated_01='0'
cppad_description='Differentiation of C++ Algorithms'
cppad_eigenvector='0'
cppad_has_adolc='0'
cppad_has_boost='0'
cppad_has_colpack='0'
cppad_has_eigen='0'
cppad_has_fadbad='0'
cppad_has_gettimeofday='1'
cppad_has_ipopt='0'
cppad_has_mkstemp='1'
cppad_has_sacado='0'
cppad_has_tmpnam_s='0'
cppad_max_num_threads='48'
cppad_pkgconfig_cflags='-I/home/idriver/include'
cppad_pkgconfig_libs=''
cppad_pkgconfig_requires=''
cppad_prefix='NONE'
cppad_stdvector='0'
cppad_tape_addr_type='unsigned int'
cppad_tape_id_type='unsigned int'
cppad_url='http://www.coin-or.org/CppAD'
cppad_version='20180226'
datadir='${datarootdir}'
datarootdir='${prefix}/share'
docdir='${datarootdir}/doc/${PACKAGE_TARNAME}'
dvidir='${docdir}'
eigen_prefix=''
exec_prefix='${prefix}'
have_pkg_config='yes'
host='x86_64-pc-linux-gnu'
host_alias=''
host_cpu='x86_64'
host_os='linux-gnu'
host_vendor='pc'
htmldir='${docdir}'
includedir='${prefix}/include'
infodir='${datarootdir}/info'
install_sh='${SHELL} /home/idriver/sehs/src/kernel/ivplanning/ivpathplanner/src/avoidObsModel/cbp/cppad.git/install-sh'
ipopt_prefix=''
is_pod_specialize_11=''
is_pod_specialize_98='template <> inline bool is_pod<size_t>(void) { return true; }'
libdir='${exec_prefix}/lib'
libexecdir='${exec_prefix}/libexec'
localedir='${datarootdir}/locale'
localstatedir='${prefix}/var'
mandir='${datarootdir}/man'
mkdir_p='$(MKDIR_P)'
oldincludedir='/usr/include'
pdfdir='${docdir}'
prefix='/home/idriver'
program_transform_name='s,x,x,'
psdir='${docdir}'
sbindir='${exec_prefix}/sbin'
sharedstatedir='${prefix}/com'
sysconfdir='${prefix}/etc'
target_alias=''

## ----------- ##
## confdefs.h. ##
## ----------- ##

/* confdefs.h */
#define PACKAGE_NAME "cppad"
#define PACKAGE_TARNAME "cppad"
#define PACKAGE_VERSION "20180226"
#define PACKAGE_STRING "cppad 20180226"
#define PACKAGE_BUGREPORT "cppad@list.coin-or.org"
#define PACKAGE_URL ""
#define PACKAGE "cppad"
#define VERSION "20180226"

configure: exit 0
